Using pre-set license
Built from '2021.3/staging' branch; Version is '2021.3.14f1 (eee1884e7226) revision 15655304'; Using compiler version '192829333'; Build Type 'Release'
OS: 'Windows 10  (10.0.19044) 64bit Professional' Language: 'en' Physical Memory: 16281 MB
BatchMode: 1, IsHumanControllingUs: 0, StartBugReporterOnCrash: 0, Is64bit: 1, IsPro: 1

COMMAND LINE ARGUMENTS:
C:\Program Files\Unity\Hub\Editor\2021.3.14f1\Editor\Unity.exe
-adb2
-batchMode
-noUpm
-name
AssetImportWorker0
-projectPath
D:/GitHub/Programming-Theory-Repo/Programming Theory
-logFile
Logs/AssetImportWorker0.log
-srvPort
51889
Successfully changed project path to: D:/GitHub/Programming-Theory-Repo/Programming Theory
D:/GitHub/Programming-Theory-Repo/Programming Theory
[UnityMemory] Configuration Parameters - Can be set up in boot.config
    "memorysetup-bucket-allocator-granularity=16"
    "memorysetup-bucket-allocator-bucket-count=8"
    "memorysetup-bucket-allocator-block-size=33554432"
    "memorysetup-bucket-allocator-block-count=8"
    "memorysetup-main-allocator-block-size=16777216"
    "memorysetup-thread-allocator-block-size=16777216"
    "memorysetup-gfx-main-allocator-block-size=16777216"
    "memorysetup-gfx-thread-allocator-block-size=16777216"
    "memorysetup-cache-allocator-block-size=4194304"
    "memorysetup-typetree-allocator-block-size=2097152"
    "memorysetup-profiler-bucket-allocator-granularity=16"
    "memorysetup-profiler-bucket-allocator-bucket-count=8"
    "memorysetup-profiler-bucket-allocator-block-size=33554432"
    "memorysetup-profiler-bucket-allocator-block-count=8"
    "memorysetup-profiler-allocator-block-size=16777216"
    "memorysetup-profiler-editor-allocator-block-size=1048576"
    "memorysetup-temp-allocator-size-main=16777216"
    "memorysetup-job-temp-allocator-block-size=2097152"
    "memorysetup-job-temp-allocator-block-size-background=1048576"
    "memorysetup-job-temp-allocator-reduction-small-platforms=262144"
    "memorysetup-temp-allocator-size-background-worker=32768"
    "memorysetup-temp-allocator-size-job-worker=262144"
    "memorysetup-temp-allocator-size-preload-manager=33554432"
    "memorysetup-temp-allocator-size-nav-mesh-worker=65536"
    "memorysetup-temp-allocator-size-audio-worker=65536"
    "memorysetup-temp-allocator-size-cloud-worker=32768"
    "memorysetup-temp-allocator-size-gi-baking-worker=262144"
    "memorysetup-temp-allocator-size-gfx=262144"
Refreshing native plugins compatible for Editor in 148.53 ms, found 3 plugins.
Preloading 0 native plugins for Editor in 0.00 ms.
Initialize engine version: 2021.3.14f1 (eee1884e7226)
[Subsystems] Discovering subsystems at path C:/Program Files/Unity/Hub/Editor/2021.3.14f1/Editor/Data/Resources/UnitySubsystems
[Subsystems] Discovering subsystems at path D:/GitHub/Programming-Theory-Repo/Programming Theory/Assets
GfxDevice: creating device client; threaded=0; jobified=0
Direct3D:
    Version:  Direct3D 11.0 [level 11.1]
    Renderer: NVIDIA GeForce GTX 1060 6GB (ID=0x1c03)
    Vendor:   NVIDIA
    VRAM:     6052 MB
    Driver:   31.0.15.1694
Initialize mono
Mono path[0] = 'C:/Program Files/Unity/Hub/Editor/2021.3.14f1/Editor/Data/Managed'
Mono path[1] = 'C:/Program Files/Unity/Hub/Editor/2021.3.14f1/Editor/Data/MonoBleedingEdge/lib/mono/unityjit-win32'
Mono config path = 'C:/Program Files/Unity/Hub/Editor/2021.3.14f1/Editor/Data/MonoBleedingEdge/etc'
Using monoOptions --debugger-agent=transport=dt_socket,embedding=1,server=y,suspend=n,address=127.0.0.1:56176
Begin MonoManager ReloadAssembly
Registering precompiled unity dll's ...
Register platform support module: C:/Program Files/Unity/Hub/Editor/2021.3.14f1/Editor/Data/PlaybackEngines/WebGLSupport/UnityEditor.WebGL.Extensions.dll
Register platform support module: C:/Program Files/Unity/Hub/Editor/2021.3.14f1/Editor/Data/PlaybackEngines/AndroidPlayer/UnityEditor.Android.Extensions.dll
Register platform support module: C:/Program Files/Unity/Hub/Editor/2021.3.14f1/Editor/Data/PlaybackEngines/WindowsStandaloneSupport/UnityEditor.WindowsStandalone.Extensions.dll
Register platform support module: C:/Program Files/Unity/Hub/Editor/2021.3.14f1/Editor/Data/PlaybackEngines/MetroSupport/UnityEditor.UWP.Extensions.dll
Registered in 0.037710 seconds.
Native extension for UWP target not found
Native extension for WindowsStandalone target not found
Native extension for Android target not found
Native extension for WebGL target not found
Refreshing native plugins compatible for Editor in 143.41 ms, found 3 plugins.
Preloading 0 native plugins for Editor in 0.00 ms.
Mono: successfully reloaded assembly
- Completed reload, in  1.453 seconds
Domain Reload Profiling:
	ReloadAssembly (1454ms)
		BeginReloadAssembly (179ms)
			ExecutionOrderSort (0ms)
			DisableScriptedObjects (0ms)
			BackupInstance (0ms)
			ReleaseScriptingObjects (0ms)
			CreateAndSetChildDomain (2ms)
		EndReloadAssembly (993ms)
			LoadAssemblies (173ms)
			RebuildTransferFunctionScriptingTraits (0ms)
			SetupTypeCache (228ms)
			ReleaseScriptCaches (0ms)
			RebuildScriptCaches (59ms)
			SetupLoadedEditorAssemblies (592ms)
				LogAssemblyErrors (0ms)
				InitializePlatformSupportModulesInManaged (124ms)
				SetLoadedEditorAssemblies (0ms)
				RefreshPlugins (144ms)
				BeforeProcessingInitializeOnLoad (3ms)
				ProcessInitializeOnLoadAttributes (197ms)
				ProcessInitializeOnLoadMethodAttributes (124ms)
				AfterProcessingInitializeOnLoad (0ms)
				EditorAssembliesLoaded (0ms)
			ExecutionOrderSort2 (0ms)
			AwakeInstancesAfterBackupRestoration (0ms)
Platform modules already initialized, skipping
Registering precompiled user dll's ...
Registered in 0.021403 seconds.
Begin MonoManager ReloadAssembly
Symbol file LoadedFromMemory doesn't match image D:\GitHub\Programming-Theory-Repo\Programming Theory\Library\PackageCache\com.unity.visualscripting@1.7.8\Editor\VisualScripting.Core\Dependencies\YamlDotNet\Unity.VisualScripting.YamlDotNet.dll
Symbol file LoadedFromMemory doesn't match image D:\GitHub\Programming-Theory-Repo\Programming Theory\Library\PackageCache\com.unity.visualscripting@1.7.8\Editor\VisualScripting.Core\Dependencies\DotNetZip\Unity.VisualScripting.IonicZip.dll
Native extension for UWP target not found
Native extension for WindowsStandalone target not found
Native extension for Android target not found
Native extension for WebGL target not found
Refreshing native plugins compatible for Editor in 1.07 ms, found 3 plugins.
Preloading 0 native plugins for Editor in 0.00 ms.
Mono: successfully reloaded assembly
- Completed reload, in  2.865 seconds
Domain Reload Profiling:
	ReloadAssembly (2866ms)
		BeginReloadAssembly (424ms)
			ExecutionOrderSort (0ms)
			DisableScriptedObjects (12ms)
			BackupInstance (0ms)
			ReleaseScriptingObjects (0ms)
			CreateAndSetChildDomain (151ms)
		EndReloadAssembly (2138ms)
			LoadAssemblies (297ms)
			RebuildTransferFunctionScriptingTraits (0ms)
			SetupTypeCache (741ms)
			ReleaseScriptCaches (1ms)
			RebuildScriptCaches (118ms)
			SetupLoadedEditorAssemblies (932ms)
				LogAssemblyErrors (0ms)
				InitializePlatformSupportModulesInManaged (52ms)
				SetLoadedEditorAssemblies (1ms)
				RefreshPlugins (1ms)
				BeforeProcessingInitializeOnLoad (189ms)
				ProcessInitializeOnLoadAttributes (568ms)
				ProcessInitializeOnLoadMethodAttributes (81ms)
				AfterProcessingInitializeOnLoad (39ms)
				EditorAssembliesLoaded (0ms)
			ExecutionOrderSort2 (0ms)
			AwakeInstancesAfterBackupRestoration (18ms)
Platform modules already initialized, skipping
========================================================================
Worker process is ready to serve import requests
Launched and connected shader compiler UnityShaderCompiler.exe after 0.42 seconds
Refreshing native plugins compatible for Editor in 0.88 ms, found 3 plugins.
Preloading 0 native plugins for Editor in 0.00 ms.
Unloading 3364 Unused Serialized files (Serialized files now loaded: 0)
Unloading 27 unused Assets / (114.1 KB). Loaded Objects now: 3824.
Memory consumption went from 117.7 MB to 117.6 MB.
Total: 5.792500 ms (FindLiveObjects: 0.392800 ms CreateObjectMapping: 0.182600 ms MarkObjects: 4.978700 ms  DeleteObjects: 0.236600 ms)

AssetImportParameters requested are different than current active one (requested -> active):
  custom:video-decoder-ogg-theora: a1e56fd34408186e4bbccfd4996cb3dc -> 
  custom:container-muxer-webm: aa71ff27fc2769a1b78a27578f13a17b -> 
  custom:container-demuxer-webm: 4f35f7cbe854078d1ac9338744f61a02 -> 
  custom:video-encoder-webm-vp8: eb34c28f22e8b96e1ab97ce403110664 -> 
  custom:video-codec-MediaFoundation-h265: 746d11721c4dcdbdad8f713fa42b33f4 -> 
  custom:audio-encoder-webm-vorbis: bf7c407c2cedff20999df2af8eb42d56 -> 
  custom:framework-win-MediaFoundation: 216162199b28c13a410421893ffa2e32 -> 
  custom:container-demuxer-ogg: 62fdf1f143b41e24485cea50d1cbac27 -> 
  custom:video-decoder-webm-vp8: 9c59270c3fd7afecdb556c50c9e8de78 -> 
  custom:audio-decoder-ogg-vorbis: bf7c407c2cedff20999df2af8eb42d56 -> 
========================================================================
Received Import Request.
  Time since last request: 32943.199421 seconds.
  path: Assets/Scripts/MenuUIHandler.cs
  artifactKey: Guid(89dd2bee01391f148b27f8cad63a4922) Importer(815301076,1909f56bfc062723c751e8b465ee728b)
Start importing Assets/Scripts/MenuUIHandler.cs using Guid(89dd2bee01391f148b27f8cad63a4922) Importer(815301076,1909f56bfc062723c751e8b465ee728b)  -> (artifact id: 'dedc2156d731dabffdb9bb3f9c4cc781') in 0.194192 seconds 
========================================================================
Received Prepare
Registering precompiled user dll's ...
Registered in 0.015302 seconds.
Begin MonoManager ReloadAssembly
Symbol file LoadedFromMemory doesn't match image D:\GitHub\Programming-Theory-Repo\Programming Theory\Library\PackageCache\com.unity.visualscripting@1.7.8\Editor\VisualScripting.Core\Dependencies\YamlDotNet\Unity.VisualScripting.YamlDotNet.dll
Symbol file LoadedFromMemory doesn't match image D:\GitHub\Programming-Theory-Repo\Programming Theory\Library\PackageCache\com.unity.visualscripting@1.7.8\Editor\VisualScripting.Core\Dependencies\DotNetZip\Unity.VisualScripting.IonicZip.dll
Native extension for UWP target not found
Native extension for WindowsStandalone target not found
Native extension for Android target not found
Native extension for WebGL target not found
Refreshing native plugins compatible for Editor in 1.26 ms, found 3 plugins.
Preloading 0 native plugins for Editor in 0.00 ms.
Mono: successfully reloaded assembly
- Completed reload, in  2.221 seconds
Domain Reload Profiling:
	ReloadAssembly (2222ms)
		BeginReloadAssembly (295ms)
			ExecutionOrderSort (0ms)
			DisableScriptedObjects (10ms)
			BackupInstance (0ms)
			ReleaseScriptingObjects (0ms)
			CreateAndSetChildDomain (67ms)
		EndReloadAssembly (1699ms)
			LoadAssemblies (228ms)
			RebuildTransferFunctionScriptingTraits (0ms)
			SetupTypeCache (606ms)
			ReleaseScriptCaches (2ms)
			RebuildScriptCaches (91ms)
			SetupLoadedEditorAssemblies (720ms)
				LogAssemblyErrors (0ms)
				InitializePlatformSupportModulesInManaged (67ms)
				SetLoadedEditorAssemblies (1ms)
				RefreshPlugins (1ms)
				BeforeProcessingInitializeOnLoad (152ms)
				ProcessInitializeOnLoadAttributes (413ms)
				ProcessInitializeOnLoadMethodAttributes (49ms)
				AfterProcessingInitializeOnLoad (37ms)
				EditorAssembliesLoaded (0ms)
			ExecutionOrderSort2 (0ms)
			AwakeInstancesAfterBackupRestoration (15ms)
Platform modules already initialized, skipping
Refreshing native plugins compatible for Editor in 4.10 ms, found 3 plugins.
Preloading 0 native plugins for Editor in 0.00 ms.
Unloading 3347 Unused Serialized files (Serialized files now loaded: 0)
Unloading 20 unused Assets / (80.5 KB). Loaded Objects now: 3828.
Memory consumption went from 116.3 MB to 116.2 MB.
Total: 5.367200 ms (FindLiveObjects: 0.565400 ms CreateObjectMapping: 0.467000 ms MarkObjects: 4.181600 ms  DeleteObjects: 0.151600 ms)

AssetImportParameters requested are different than current active one (requested -> active):
  custom:video-decoder-ogg-theora: a1e56fd34408186e4bbccfd4996cb3dc -> 
  custom:container-muxer-webm: aa71ff27fc2769a1b78a27578f13a17b -> 
  custom:container-demuxer-webm: 4f35f7cbe854078d1ac9338744f61a02 -> 
  custom:video-encoder-webm-vp8: eb34c28f22e8b96e1ab97ce403110664 -> 
  custom:video-codec-MediaFoundation-h265: 746d11721c4dcdbdad8f713fa42b33f4 -> 
  custom:audio-encoder-webm-vorbis: bf7c407c2cedff20999df2af8eb42d56 -> 
  custom:framework-win-MediaFoundation: 216162199b28c13a410421893ffa2e32 -> 
  custom:container-demuxer-ogg: 62fdf1f143b41e24485cea50d1cbac27 -> 
  custom:video-decoder-webm-vp8: 9c59270c3fd7afecdb556c50c9e8de78 -> 
  custom:audio-decoder-ogg-vorbis: bf7c407c2cedff20999df2af8eb42d56 -> 
========================================================================
Received Import Request.
  Time since last request: 527.306345 seconds.
  path: Assets/Scripts/MenuUIHandler.cs
  artifactKey: Guid(89dd2bee01391f148b27f8cad63a4922) Importer(815301076,1909f56bfc062723c751e8b465ee728b)
Start importing Assets/Scripts/MenuUIHandler.cs using Guid(89dd2bee01391f148b27f8cad63a4922) Importer(815301076,1909f56bfc062723c751e8b465ee728b)  -> (artifact id: '5eaf33c1f5ab252be9080c7dfc448f4b') in 0.014479 seconds 
========================================================================
Received Import Request.
  Time since last request: 14.495521 seconds.
  path: Assets/Scripts/UI
  artifactKey: Guid(7e96e9836cf2c9f41812142b6d52330d) Importer(815301076,1909f56bfc062723c751e8b465ee728b)
Start importing Assets/Scripts/UI using Guid(7e96e9836cf2c9f41812142b6d52330d) Importer(815301076,1909f56bfc062723c751e8b465ee728b)  -> (artifact id: 'c9ce71e88c3db6d5219027f7be8ed979') in 0.018390 seconds 
========================================================================
Received Import Request.
  Time since last request: 18.321377 seconds.
  path: Assets/Scripts/MainManager.cs
  artifactKey: Guid(297a46021af4e3d4d86b4131468ed0c3) Importer(815301076,1909f56bfc062723c751e8b465ee728b)
Start importing Assets/Scripts/MainManager.cs using Guid(297a46021af4e3d4d86b4131468ed0c3) Importer(815301076,1909f56bfc062723c751e8b465ee728b)  -> (artifact id: '71068d150db49876154e1bf5d1b2aa03') in 0.007920 seconds 
========================================================================
Received Import Request.
  Time since last request: 85.578294 seconds.
  path: Assets/Scripts/MainManager.cs
  artifactKey: Guid(297a46021af4e3d4d86b4131468ed0c3) Importer(815301076,1909f56bfc062723c751e8b465ee728b)
Start importing Assets/Scripts/MainManager.cs using Guid(297a46021af4e3d4d86b4131468ed0c3) Importer(815301076,1909f56bfc062723c751e8b465ee728b)  -> (artifact id: '6384fc956cda8fa5c3a0874bf25e5f0d') in 0.009063 seconds 
========================================================================
Received Prepare
Registering precompiled user dll's ...
Registered in 0.017111 seconds.
Begin MonoManager ReloadAssembly
Symbol file LoadedFromMemory doesn't match image D:\GitHub\Programming-Theory-Repo\Programming Theory\Library\PackageCache\com.unity.visualscripting@1.7.8\Editor\VisualScripting.Core\Dependencies\YamlDotNet\Unity.VisualScripting.YamlDotNet.dll
Symbol file LoadedFromMemory doesn't match image D:\GitHub\Programming-Theory-Repo\Programming Theory\Library\PackageCache\com.unity.visualscripting@1.7.8\Editor\VisualScripting.Core\Dependencies\DotNetZip\Unity.VisualScripting.IonicZip.dll
Native extension for UWP target not found
Native extension for WindowsStandalone target not found
Native extension for Android target not found
Native extension for WebGL target not found
Refreshing native plugins compatible for Editor in 1.42 ms, found 3 plugins.
Preloading 0 native plugins for Editor in 0.00 ms.
Mono: successfully reloaded assembly
- Completed reload, in  2.099 seconds
Domain Reload Profiling:
	ReloadAssembly (2100ms)
		BeginReloadAssembly (303ms)
			ExecutionOrderSort (0ms)
			DisableScriptedObjects (10ms)
			BackupInstance (0ms)
			ReleaseScriptingObjects (0ms)
			CreateAndSetChildDomain (68ms)
		EndReloadAssembly (1572ms)
			LoadAssemblies (241ms)
			RebuildTransferFunctionScriptingTraits (0ms)
			SetupTypeCache (568ms)
			ReleaseScriptCaches (2ms)
			RebuildScriptCaches (77ms)
			SetupLoadedEditorAssemblies (661ms)
				LogAssemblyErrors (0ms)
				InitializePlatformSupportModulesInManaged (57ms)
				SetLoadedEditorAssemblies (1ms)
				RefreshPlugins (2ms)
				BeforeProcessingInitializeOnLoad (142ms)
				ProcessInitializeOnLoadAttributes (385ms)
				ProcessInitializeOnLoadMethodAttributes (39ms)
				AfterProcessingInitializeOnLoad (35ms)
				EditorAssembliesLoaded (0ms)
			ExecutionOrderSort2 (0ms)
			AwakeInstancesAfterBackupRestoration (12ms)
Platform modules already initialized, skipping
Refreshing native plugins compatible for Editor in 3.52 ms, found 3 plugins.
Preloading 0 native plugins for Editor in 0.00 ms.
Unloading 3348 Unused Serialized files (Serialized files now loaded: 0)
Unloading 20 unused Assets / (80.1 KB). Loaded Objects now: 3832.
Memory consumption went from 116.3 MB to 116.2 MB.
Total: 4.842600 ms (FindLiveObjects: 0.560000 ms CreateObjectMapping: 0.196500 ms MarkObjects: 3.936000 ms  DeleteObjects: 0.148200 ms)

AssetImportParameters requested are different than current active one (requested -> active):
  custom:video-decoder-ogg-theora: a1e56fd34408186e4bbccfd4996cb3dc -> 
  custom:container-muxer-webm: aa71ff27fc2769a1b78a27578f13a17b -> 
  custom:container-demuxer-webm: 4f35f7cbe854078d1ac9338744f61a02 -> 
  custom:video-encoder-webm-vp8: eb34c28f22e8b96e1ab97ce403110664 -> 
  custom:video-codec-MediaFoundation-h265: 746d11721c4dcdbdad8f713fa42b33f4 -> 
  custom:audio-encoder-webm-vorbis: bf7c407c2cedff20999df2af8eb42d56 -> 
  custom:framework-win-MediaFoundation: 216162199b28c13a410421893ffa2e32 -> 
  custom:container-demuxer-ogg: 62fdf1f143b41e24485cea50d1cbac27 -> 
  custom:video-decoder-webm-vp8: 9c59270c3fd7afecdb556c50c9e8de78 -> 
  custom:audio-decoder-ogg-vorbis: bf7c407c2cedff20999df2af8eb42d56 -> 
========================================================================
Received Import Request.
  Time since last request: 584.629443 seconds.
  path: Assets/Scripts/UI/NameInput.cs
  artifactKey: Guid(73fb80572fb9ea04681e145da96ff0f6) Importer(815301076,1909f56bfc062723c751e8b465ee728b)
Start importing Assets/Scripts/UI/NameInput.cs using Guid(73fb80572fb9ea04681e145da96ff0f6) Importer(815301076,1909f56bfc062723c751e8b465ee728b)  -> (artifact id: '0cf368769577a599b9e16d5291bb2da6') in 0.014782 seconds 
========================================================================
Received Prepare
Registering precompiled user dll's ...
Registered in 0.014999 seconds.
Begin MonoManager ReloadAssembly
Symbol file LoadedFromMemory doesn't match image D:\GitHub\Programming-Theory-Repo\Programming Theory\Library\PackageCache\com.unity.visualscripting@1.7.8\Editor\VisualScripting.Core\Dependencies\YamlDotNet\Unity.VisualScripting.YamlDotNet.dll
Symbol file LoadedFromMemory doesn't match image D:\GitHub\Programming-Theory-Repo\Programming Theory\Library\PackageCache\com.unity.visualscripting@1.7.8\Editor\VisualScripting.Core\Dependencies\DotNetZip\Unity.VisualScripting.IonicZip.dll
Native extension for UWP target not found
Native extension for WindowsStandalone target not found
Native extension for Android target not found
Native extension for WebGL target not found
Refreshing native plugins compatible for Editor in 0.91 ms, found 3 plugins.
Preloading 0 native plugins for Editor in 0.00 ms.
Mono: successfully reloaded assembly
- Completed reload, in  2.418 seconds
Domain Reload Profiling:
	ReloadAssembly (2420ms)
		BeginReloadAssembly (329ms)
			ExecutionOrderSort (0ms)
			DisableScriptedObjects (11ms)
			BackupInstance (0ms)
			ReleaseScriptingObjects (0ms)
			CreateAndSetChildDomain (82ms)
		EndReloadAssembly (1803ms)
			LoadAssemblies (250ms)
			RebuildTransferFunctionScriptingTraits (0ms)
			SetupTypeCache (673ms)
			ReleaseScriptCaches (2ms)
			RebuildScriptCaches (79ms)
			SetupLoadedEditorAssemblies (773ms)
				LogAssemblyErrors (0ms)
				InitializePlatformSupportModulesInManaged (50ms)
				SetLoadedEditorAssemblies (1ms)
				RefreshPlugins (1ms)
				BeforeProcessingInitializeOnLoad (150ms)
				ProcessInitializeOnLoadAttributes (475ms)
				ProcessInitializeOnLoadMethodAttributes (64ms)
				AfterProcessingInitializeOnLoad (32ms)
				EditorAssembliesLoaded (0ms)
			ExecutionOrderSort2 (0ms)
			AwakeInstancesAfterBackupRestoration (15ms)
Platform modules already initialized, skipping
Refreshing native plugins compatible for Editor in 3.91 ms, found 3 plugins.
Preloading 0 native plugins for Editor in 0.00 ms.
Unloading 3349 Unused Serialized files (Serialized files now loaded: 0)
Unloading 20 unused Assets / (80.1 KB). Loaded Objects now: 3836.
Memory consumption went from 116.3 MB to 116.3 MB.
Total: 6.066700 ms (FindLiveObjects: 0.466000 ms CreateObjectMapping: 0.218600 ms MarkObjects: 5.234300 ms  DeleteObjects: 0.146300 ms)

AssetImportParameters requested are different than current active one (requested -> active):
  custom:video-decoder-ogg-theora: a1e56fd34408186e4bbccfd4996cb3dc -> 
  custom:container-muxer-webm: aa71ff27fc2769a1b78a27578f13a17b -> 
  custom:container-demuxer-webm: 4f35f7cbe854078d1ac9338744f61a02 -> 
  custom:video-encoder-webm-vp8: eb34c28f22e8b96e1ab97ce403110664 -> 
  custom:video-codec-MediaFoundation-h265: 746d11721c4dcdbdad8f713fa42b33f4 -> 
  custom:audio-encoder-webm-vorbis: bf7c407c2cedff20999df2af8eb42d56 -> 
  custom:framework-win-MediaFoundation: 216162199b28c13a410421893ffa2e32 -> 
  custom:container-demuxer-ogg: 62fdf1f143b41e24485cea50d1cbac27 -> 
  custom:video-decoder-webm-vp8: 9c59270c3fd7afecdb556c50c9e8de78 -> 
  custom:audio-decoder-ogg-vorbis: bf7c407c2cedff20999df2af8eb42d56 -> 
========================================================================
Received Import Request.
  Time since last request: 126.657178 seconds.
  path: Assets/Scripts/UI/NameInput.cs
  artifactKey: Guid(73fb80572fb9ea04681e145da96ff0f6) Importer(815301076,1909f56bfc062723c751e8b465ee728b)
Start importing Assets/Scripts/UI/NameInput.cs using Guid(73fb80572fb9ea04681e145da96ff0f6) Importer(815301076,1909f56bfc062723c751e8b465ee728b)  -> (artifact id: '96d7bc9e58a809f0101b416c236c917f') in 0.018692 seconds 
========================================================================
Received Prepare
Registering precompiled user dll's ...
Registered in 0.016479 seconds.
Begin MonoManager ReloadAssembly
Symbol file LoadedFromMemory doesn't match image D:\GitHub\Programming-Theory-Repo\Programming Theory\Library\PackageCache\com.unity.visualscripting@1.7.8\Editor\VisualScripting.Core\Dependencies\YamlDotNet\Unity.VisualScripting.YamlDotNet.dll
Symbol file LoadedFromMemory doesn't match image D:\GitHub\Programming-Theory-Repo\Programming Theory\Library\PackageCache\com.unity.visualscripting@1.7.8\Editor\VisualScripting.Core\Dependencies\DotNetZip\Unity.VisualScripting.IonicZip.dll
Native extension for UWP target not found
Native extension for WindowsStandalone target not found
Native extension for Android target not found
Native extension for WebGL target not found
Refreshing native plugins compatible for Editor in 0.97 ms, found 3 plugins.
Preloading 0 native plugins for Editor in 0.00 ms.
Mono: successfully reloaded assembly
- Completed reload, in  1.952 seconds
Domain Reload Profiling:
	ReloadAssembly (1953ms)
		BeginReloadAssembly (276ms)
			ExecutionOrderSort (0ms)
			DisableScriptedObjects (11ms)
			BackupInstance (0ms)
			ReleaseScriptingObjects (0ms)
			CreateAndSetChildDomain (66ms)
		EndReloadAssembly (1460ms)
			LoadAssemblies (212ms)
			RebuildTransferFunctionScriptingTraits (0ms)
			SetupTypeCache (516ms)
			ReleaseScriptCaches (2ms)
			RebuildScriptCaches (73ms)
			SetupLoadedEditorAssemblies (618ms)
				LogAssemblyErrors (0ms)
				InitializePlatformSupportModulesInManaged (51ms)
				SetLoadedEditorAssemblies (1ms)
				RefreshPlugins (1ms)
				BeforeProcessingInitializeOnLoad (132ms)
				ProcessInitializeOnLoadAttributes (359ms)
				ProcessInitializeOnLoadMethodAttributes (39ms)
				AfterProcessingInitializeOnLoad (35ms)
				EditorAssembliesLoaded (0ms)
			ExecutionOrderSort2 (0ms)
			AwakeInstancesAfterBackupRestoration (16ms)
Platform modules already initialized, skipping
Refreshing native plugins compatible for Editor in 3.41 ms, found 3 plugins.
Preloading 0 native plugins for Editor in 0.00 ms.
Unloading 3349 Unused Serialized files (Serialized files now loaded: 0)
Unloading 20 unused Assets / (80.0 KB). Loaded Objects now: 3839.
Memory consumption went from 116.3 MB to 116.3 MB.
Total: 6.569200 ms (FindLiveObjects: 0.390700 ms CreateObjectMapping: 0.172800 ms MarkObjects: 3.859300 ms  DeleteObjects: 2.144600 ms)

AssetImportParameters requested are different than current active one (requested -> active):
  custom:video-decoder-ogg-theora: a1e56fd34408186e4bbccfd4996cb3dc -> 
  custom:container-muxer-webm: aa71ff27fc2769a1b78a27578f13a17b -> 
  custom:container-demuxer-webm: 4f35f7cbe854078d1ac9338744f61a02 -> 
  custom:video-encoder-webm-vp8: eb34c28f22e8b96e1ab97ce403110664 -> 
  custom:video-codec-MediaFoundation-h265: 746d11721c4dcdbdad8f713fa42b33f4 -> 
  custom:audio-encoder-webm-vorbis: bf7c407c2cedff20999df2af8eb42d56 -> 
  custom:framework-win-MediaFoundation: 216162199b28c13a410421893ffa2e32 -> 
  custom:container-demuxer-ogg: 62fdf1f143b41e24485cea50d1cbac27 -> 
  custom:video-decoder-webm-vp8: 9c59270c3fd7afecdb556c50c9e8de78 -> 
  custom:audio-decoder-ogg-vorbis: bf7c407c2cedff20999df2af8eb42d56 -> 
========================================================================
Received Prepare
Registering precompiled user dll's ...
Registered in 0.017289 seconds.
Begin MonoManager ReloadAssembly
Symbol file LoadedFromMemory doesn't match image D:\GitHub\Programming-Theory-Repo\Programming Theory\Library\PackageCache\com.unity.visualscripting@1.7.8\Editor\VisualScripting.Core\Dependencies\YamlDotNet\Unity.VisualScripting.YamlDotNet.dll
Symbol file LoadedFromMemory doesn't match image D:\GitHub\Programming-Theory-Repo\Programming Theory\Library\PackageCache\com.unity.visualscripting@1.7.8\Editor\VisualScripting.Core\Dependencies\DotNetZip\Unity.VisualScripting.IonicZip.dll
Native extension for UWP target not found
Native extension for WindowsStandalone target not found
Native extension for Android target not found
Native extension for WebGL target not found
Refreshing native plugins compatible for Editor in 2.13 ms, found 3 plugins.
Preloading 0 native plugins for Editor in 0.00 ms.
Mono: successfully reloaded assembly
- Completed reload, in 14.376 seconds
Domain Reload Profiling:
	ReloadAssembly (14384ms)
		BeginReloadAssembly (5962ms)
			ExecutionOrderSort (0ms)
			DisableScriptedObjects (88ms)
			BackupInstance (0ms)
			ReleaseScriptingObjects (0ms)
			CreateAndSetChildDomain (335ms)
		EndReloadAssembly (8204ms)
			LoadAssemblies (4953ms)
			RebuildTransferFunctionScriptingTraits (354ms)
			SetupTypeCache (6846ms)
			ReleaseScriptCaches (2ms)
			RebuildScriptCaches (75ms)
			SetupLoadedEditorAssemblies (681ms)
				LogAssemblyErrors (0ms)
				InitializePlatformSupportModulesInManaged (50ms)
				SetLoadedEditorAssemblies (1ms)
				RefreshPlugins (2ms)
				BeforeProcessingInitializeOnLoad (127ms)
				ProcessInitializeOnLoadAttributes (432ms)
				ProcessInitializeOnLoadMethodAttributes (41ms)
				AfterProcessingInitializeOnLoad (27ms)
				EditorAssembliesLoaded (0ms)
			ExecutionOrderSort2 (0ms)
			AwakeInstancesAfterBackupRestoration (13ms)
Platform modules already initialized, skipping
Refreshing native plugins compatible for Editor in 3.87 ms, found 3 plugins.
Preloading 0 native plugins for Editor in 0.00 ms.
Unloading 3349 Unused Serialized files (Serialized files now loaded: 0)
Unloading 20 unused Assets / (80.0 KB). Loaded Objects now: 3842.
Memory consumption went from 116.4 MB to 116.3 MB.
Total: 7.609600 ms (FindLiveObjects: 0.403500 ms CreateObjectMapping: 0.184100 ms MarkObjects: 5.267700 ms  DeleteObjects: 1.753000 ms)

AssetImportParameters requested are different than current active one (requested -> active):
  custom:video-decoder-ogg-theora: a1e56fd34408186e4bbccfd4996cb3dc -> 
  custom:container-muxer-webm: aa71ff27fc2769a1b78a27578f13a17b -> 
  custom:container-demuxer-webm: 4f35f7cbe854078d1ac9338744f61a02 -> 
  custom:video-encoder-webm-vp8: eb34c28f22e8b96e1ab97ce403110664 -> 
  custom:video-codec-MediaFoundation-h265: 746d11721c4dcdbdad8f713fa42b33f4 -> 
  custom:audio-encoder-webm-vorbis: bf7c407c2cedff20999df2af8eb42d56 -> 
  custom:framework-win-MediaFoundation: 216162199b28c13a410421893ffa2e32 -> 
  custom:container-demuxer-ogg: 62fdf1f143b41e24485cea50d1cbac27 -> 
  custom:video-decoder-webm-vp8: 9c59270c3fd7afecdb556c50c9e8de78 -> 
  custom:audio-decoder-ogg-vorbis: bf7c407c2cedff20999df2af8eb42d56 -> 
========================================================================
Received Import Request.
  Time since last request: 57619.903384 seconds.
  path: Assets/Scenes
  artifactKey: Guid(6ea315d0fd7389c41b19996891e99ae3) Importer(815301076,1909f56bfc062723c751e8b465ee728b)
Start importing Assets/Scenes using Guid(6ea315d0fd7389c41b19996891e99ae3) Importer(815301076,1909f56bfc062723c751e8b465ee728b)  -> (artifact id: 'bc172811d573b296104adb4d2728db37') in 0.042459 seconds 
========================================================================
Received Import Request.
  Time since last request: 14.334169 seconds.
  path: Assets/Scenes/MainScene.unity
  artifactKey: Guid(bf0523e195a529745aec11f670c621f6) Importer(815301076,1909f56bfc062723c751e8b465ee728b)
Start importing Assets/Scenes/MainScene.unity using Guid(bf0523e195a529745aec11f670c621f6) Importer(815301076,1909f56bfc062723c751e8b465ee728b)  -> (artifact id: '73ed3cee085acb090a7df8566d61dc1b') in 0.006217 seconds 
========================================================================
Received Import Request.
  Time since last request: 357.375535 seconds.
  path: Assets/3D Haven
  artifactKey: Guid(ea2dae2cb1148764181ff0ebfbf8887e) Importer(815301076,1909f56bfc062723c751e8b465ee728b)
Start importing Assets/3D Haven using Guid(ea2dae2cb1148764181ff0ebfbf8887e) Importer(815301076,1909f56bfc062723c751e8b465ee728b)  -> (artifact id: '36a73423fd49ba87e9740e7f7382b9b1') in 0.006970 seconds 
========================================================================
Received Import Request.
  Time since last request: 5.274379 seconds.
  path: Assets/Textures
  artifactKey: Guid(ae6fbe5a003c69b4284db435b93226f5) Importer(815301076,1909f56bfc062723c751e8b465ee728b)
Start importing Assets/Textures using Guid(ae6fbe5a003c69b4284db435b93226f5) Importer(815301076,1909f56bfc062723c751e8b465ee728b)  -> (artifact id: '2e5e4ddd8074e9ef4e3cb127af803692') in 0.006232 seconds 
========================================================================
Received Import Request.
  Time since last request: 240.735541 seconds.
  path: Assets
  artifactKey: Guid(00000000000000001000000000000000) Importer(815301076,1909f56bfc062723c751e8b465ee728b)
Start importing Assets using Guid(00000000000000001000000000000000) Importer(815301076,1909f56bfc062723c751e8b465ee728b)  -> (artifact id: '79842766b460edbeab6a34051e857a80') in 0.008962 seconds 
========================================================================
Received Import Request.
  Time since last request: 10.101187 seconds.
  path: Assets/GameObjects
  artifactKey: Guid(31303093e2b1273429df77e7e6ca5877) Importer(815301076,1909f56bfc062723c751e8b465ee728b)
Start importing Assets/GameObjects using Guid(31303093e2b1273429df77e7e6ca5877) Importer(815301076,1909f56bfc062723c751e8b465ee728b)  -> (artifact id: '70d84a9ce7af0fc38a7795a092cc0bc2') in 0.011200 seconds 
========================================================================
Received Import Request.
  Time since last request: 8.080930 seconds.
  path: Assets/BrokenVector/LowPolyCarPack
  artifactKey: Guid(15b82ebb48dbb4745b6ea62a09f21c5a) Importer(815301076,1909f56bfc062723c751e8b465ee728b)
Start importing Assets/BrokenVector/LowPolyCarPack using Guid(15b82ebb48dbb4745b6ea62a09f21c5a) Importer(815301076,1909f56bfc062723c751e8b465ee728b)  -> (artifact id: '9664330a8d9002003b0f70d15d2b09fb') in 0.005869 seconds 
========================================================================
Received Import Request.
  Time since last request: 1.376313 seconds.
  path: Assets/BrokenVector/LowPolyShaders
  artifactKey: Guid(ac0a9484cf97e024aaf3db7b1ec62b24) Importer(815301076,1909f56bfc062723c751e8b465ee728b)
Start importing Assets/BrokenVector/LowPolyShaders using Guid(ac0a9484cf97e024aaf3db7b1ec62b24) Importer(815301076,1909f56bfc062723c751e8b465ee728b)  -> (artifact id: '36be21fc4981ebed5d6cf43f325239ad') in 0.005563 seconds 
========================================================================
Received Import Request.
  Time since last request: 13.933370 seconds.
  path: Assets/Quaint Game Studio/Low Poly City Pack Collection Low-Poly 3D Model-Demo
  artifactKey: Guid(21f5186c370d6474b8afc50647fe5c66) Importer(815301076,1909f56bfc062723c751e8b465ee728b)
Start importing Assets/Quaint Game Studio/Low Poly City Pack Collection Low-Poly 3D Model-Demo using Guid(21f5186c370d6474b8afc50647fe5c66) Importer(815301076,1909f56bfc062723c751e8b465ee728b)  -> (artifact id: '9b89d76b6741155077c2073b4a2c92a3') in 0.010615 seconds 
========================================================================
Received Import Request.
  Time since last request: 6.475735 seconds.
  path: Assets/Quaint Game Studio
  artifactKey: Guid(9176ad5e4631acc4a9b5b64978633994) Importer(815301076,1909f56bfc062723c751e8b465ee728b)
Start importing Assets/Quaint Game Studio using Guid(9176ad5e4631acc4a9b5b64978633994) Importer(815301076,1909f56bfc062723c751e8b465ee728b)  -> (artifact id: '7a1606dce7a6b969e5feec0836c008c2') in 0.008463 seconds 
========================================================================
Received Import Request.
  Time since last request: 4.598033 seconds.
  path: Assets/BrokenVector
  artifactKey: Guid(977f09b4f1433cc428fdede463094d4e) Importer(815301076,1909f56bfc062723c751e8b465ee728b)
Start importing Assets/BrokenVector using Guid(977f09b4f1433cc428fdede463094d4e) Importer(815301076,1909f56bfc062723c751e8b465ee728b)  -> (artifact id: '9d51c115bb54bbd630b3b3a60ab5c637') in 0.005904 seconds 
========================================================================
Received Import Request.
  Time since last request: 13.389523 seconds.
  path: Assets/GameObjects/Low Poly City Pack
  artifactKey: Guid(21f5186c370d6474b8afc50647fe5c66) Importer(815301076,1909f56bfc062723c751e8b465ee728b)
Start importing Assets/GameObjects/Low Poly City Pack using Guid(21f5186c370d6474b8afc50647fe5c66) Importer(815301076,1909f56bfc062723c751e8b465ee728b)  -> (artifact id: '872cc5d16a2db31fdeb2b2fce1f1cbaf') in 0.009174 seconds 
========================================================================
Received Import Request.
  Time since last request: 11.583481 seconds.
  path: Assets/GameObjects/LowPolyCityPack
  artifactKey: Guid(21f5186c370d6474b8afc50647fe5c66) Importer(815301076,1909f56bfc062723c751e8b465ee728b)
Start importing Assets/GameObjects/LowPolyCityPack using Guid(21f5186c370d6474b8afc50647fe5c66) Importer(815301076,1909f56bfc062723c751e8b465ee728b)  -> (artifact id: '648f8a839fa8c0ce6f14bb9451e051cb') in 0.016958 seconds 
========================================================================
Received Import Request.
  Time since last request: 20.851886 seconds.
  path: Assets/Textures/2K Resolution/3DH FTT Grass_002 Grass_001b 2K.png
  artifactKey: Guid(6b8935af058f8974c8ce153894c01472) Importer(815301076,1909f56bfc062723c751e8b465ee728b)
Start importing Assets/Textures/2K Resolution/3DH FTT Grass_002 Grass_001b 2K.png using Guid(6b8935af058f8974c8ce153894c01472) Importer(815301076,1909f56bfc062723c751e8b465ee728b)  -> (artifact id: 'b33d3ba20dd473b27b5a60745281625e') in 0.467801 seconds 
========================================================================
Received Import Request.
  Time since last request: 99.622048 seconds.
  path: Assets/Textures/2K Resolution/3DH FTT Grass_002 Grass_001a 2K.png
  artifactKey: Guid(59e11b4d76877334080d7b2dfec3f51b) Importer(815301076,1909f56bfc062723c751e8b465ee728b)
Start importing Assets/Textures/2K Resolution/3DH FTT Grass_002 Grass_001a 2K.png using Guid(59e11b4d76877334080d7b2dfec3f51b) Importer(815301076,1909f56bfc062723c751e8b465ee728b)  -> (artifact id: '0d0c299f1487e86d59b94fcece9468e4') in 0.032362 seconds 
========================================================================
Received Import Request.
  Time since last request: 312.109739 seconds.
  path: Assets/GameObjects/LowPolyRoadPack
  artifactKey: Guid(e7936b04baec8e74a8c44bdfaa78534f) Importer(815301076,1909f56bfc062723c751e8b465ee728b)
Start importing Assets/GameObjects/LowPolyRoadPack using Guid(e7936b04baec8e74a8c44bdfaa78534f) Importer(815301076,1909f56bfc062723c751e8b465ee728b)  -> (artifact id: 'bf8ac17a4470485148bd39a04555f663') in 0.017074 seconds 
========================================================================
Received Import Request.
  Time since last request: 14.338521 seconds.
  path: Assets/GameObjects/LowPolyRoadPack/Prefabs/Car 1.prefab
  artifactKey: Guid(9c91ecea7f7dce04facaeb11c977e102) Importer(815301076,1909f56bfc062723c751e8b465ee728b)
Start importing Assets/GameObjects/LowPolyRoadPack/Prefabs/Car 1.prefab using Guid(9c91ecea7f7dce04facaeb11c977e102) Importer(815301076,1909f56bfc062723c751e8b465ee728b)  -> (artifact id: '2e49cb07cd51997944b17dc1b16632be') in 0.764195 seconds 
========================================================================
Received Import Request.
  Time since last request: 0.156424 seconds.
  path: Assets/GameObjects/LowPolyRoadPack/Prefabs/Car 2.prefab
  artifactKey: Guid(8a6f09027b5c26b4b8d2f6d00dbce6d1) Importer(815301076,1909f56bfc062723c751e8b465ee728b)
Start importing Assets/GameObjects/LowPolyRoadPack/Prefabs/Car 2.prefab using Guid(8a6f09027b5c26b4b8d2f6d00dbce6d1) Importer(815301076,1909f56bfc062723c751e8b465ee728b)  -> (artifact id: '08e20c569ccd6076ccf83d5102f708c0') in 0.034440 seconds 
========================================================================
Received Import Request.
  Time since last request: 0.911993 seconds.
  path: Assets/GameObjects/LowPolyRoadPack/Prefabs/Freeway Cross Freeway.prefab
  artifactKey: Guid(67b75b5f8253ef64c9aaab70b17ec06e) Importer(815301076,1909f56bfc062723c751e8b465ee728b)
Start importing Assets/GameObjects/LowPolyRoadPack/Prefabs/Freeway Cross Freeway.prefab using Guid(67b75b5f8253ef64c9aaab70b17ec06e) Importer(815301076,1909f56bfc062723c751e8b465ee728b)  -> (artifact id: 'b3040961b85e222c6cad5578146df725') in 0.019295 seconds 
========================================================================
Received Import Request.
  Time since last request: 398.700076 seconds.
  path: Assets/GameObjects/LowPolyRoadPack/Prefabs/Road Straight 1.prefab
  artifactKey: Guid(1b5a40444f59ff64997f9b2966f28a54) Importer(815301076,1909f56bfc062723c751e8b465ee728b)
Start importing Assets/GameObjects/LowPolyRoadPack/Prefabs/Road Straight 1.prefab using Guid(1b5a40444f59ff64997f9b2966f28a54) Importer(815301076,1909f56bfc062723c751e8b465ee728b)  -> (artifact id: '6d0401c09734565a60c6443ae8e15b98') in 0.031213 seconds 
========================================================================
Received Import Request.
  Time since last request: 2.147585 seconds.
  path: Assets/GameObjects/LowPolyRoadPack/Prefabs/Road Straight 2.prefab
  artifactKey: Guid(b902c7d22d14fa843846ba35e963190b) Importer(815301076,1909f56bfc062723c751e8b465ee728b)
Start importing Assets/GameObjects/LowPolyRoadPack/Prefabs/Road Straight 2.prefab using Guid(b902c7d22d14fa843846ba35e963190b) Importer(815301076,1909f56bfc062723c751e8b465ee728b)  -> (artifact id: '8dfb0915fd511564062168e9ab07c09a') in 0.018676 seconds 
========================================================================
Received Import Request.
  Time since last request: 1.698355 seconds.
  path: Assets/GameObjects/LowPolyRoadPack/Prefabs/Road Straight 3.prefab
  artifactKey: Guid(43678520060fa5e42add8825ab61da06) Importer(815301076,1909f56bfc062723c751e8b465ee728b)
Start importing Assets/GameObjects/LowPolyRoadPack/Prefabs/Road Straight 3.prefab using Guid(43678520060fa5e42add8825ab61da06) Importer(815301076,1909f56bfc062723c751e8b465ee728b)  -> (artifact id: '364a0a6e8f5be483db2cac8e3dd1c58a') in 0.029199 seconds 
